{
  "timestamp": "2026-03-01T20:43:29Z",
  "event": "push",
  "action": "",
  "actor": "bobsoapwins",
  "ref": "refs/heads/main",
  "sha": "bfe9ea41a7338a04507427037e79cdbd3c4f8d3c",
  "repository": "bobsoapwins/secure-repository",
  "run_id": "22552228668",
  "run_url": "https://github.com/bobsoapwins/secure-repository/actions/runs/22552228668"
}
{
  "timestamp": "2026-03-01T20:43:52Z",
  "event": "workflow_run",
  "action": "completed",
  "actor": "bobsoapwins",
  "ref": "refs/heads/main",
  "sha": "4586d516a3dd47cdedb7ca67ab5045866ac5891e",
  "repository": "bobsoapwins/secure-repository",
  "run_id": "22552236415",
  "run_url": "https://github.com/bobsoapwins/secure-repository/actions/runs/22552236415"
}
{
  "timestamp": "2026-03-01T20:44:30Z",
  "event": "workflow_run",
  "action": "completed",
  "actor": "dependabot[bot]",
  "ref": "refs/heads/main",
  "sha": "bac0fb01f6639c6094ab7ad53a23349e53bdcc9e",
  "repository": "bobsoapwins/secure-repository",
  "run_id": "22552248246",
  "run_url": "https://github.com/bobsoapwins/secure-repository/actions/runs/22552248246"
}
{
  "timestamp": "2026-03-01T20:44:45Z",
  "event": "workflow_run",
  "action": "completed",
  "actor": "dependabot[bot]",
  "ref": "refs/heads/main",
  "sha": "2855dd3d59569b3be51bafcc86ddd78c61282af3",
  "repository": "bobsoapwins/secure-repository",
  "run_id": "22552253087",
  "run_url": "https://github.com/bobsoapwins/secure-repository/actions/runs/22552253087"
}
{
  "timestamp": "2026-03-01T20:47:01Z",
  "event": "workflow_run",
  "action": "completed",
  "actor": "bobsoapwins",
  "ref": "refs/heads/main",
  "sha": "0f2ad7b5f433f5a09dcf70ccd9d4ec6db7565ca9",
  "repository": "bobsoapwins/secure-repository",
  "run_id": "22552295812",
  "run_url": "https://github.com/bobsoapwins/secure-repository/actions/runs/22552295812"
}
